This file contains any messages produced by compilers while
running configure, to aid debugging if configure makes a mistake.

It was created by configure, which was
generated by GNU Autoconf 2.69.  Invocation command line was

  $ ./configure 

## --------- ##
## Platform. ##
## --------- ##

hostname = n100
uname -m = x86_64
uname -r = 3.10.0-862.3.2.el7.x86_64
uname -s = Linux
uname -v = #1 SMP Mon May 21 23:36:36 UTC 2018

/usr/bin/uname -p = x86_64
/bin/uname -X     = unknown

/bin/arch              = x86_64
/usr/bin/arch -k       = unknown
/usr/convex/getsysinfo = unknown
/usr/bin/hostinfo      = unknown
/bin/machine           = unknown
/usr/bin/oslevel       = unknown
/bin/universe          = unknown

PATH: /home/kelly-t/.sdkman/candidates/kotlin/current/bin
PATH: /home/kelly-t/.conda/envs/conda/envs/training/bin
PATH: /home/kelly-t/.conda/envs/conda/condabin
PATH: /home/DATA/software/R-4.1.3/bin
PATH: /home/DATA/software/nano-6.0/centos/bin
PATH: /home/DATA/software/htop/centos/bin
PATH: /home/DATA/software/libpng/bin
PATH: /home/DATA/software/nextflow/nextflow-22.10.4
PATH: /home/DATA/software/ica-linux-1.1.0
PATH: /home/DATA/software/aws/bin
PATH: /home/DATA/software/ccl
PATH: /home/DATA/software/clojure/bin
PATH: /home/DATA/software/racket/bin
PATH: /home/DATA/software/nim-1.6.10/bin
PATH: /home/DATA/software/jdk-18.0.2/bin
PATH: /home/DATA/software/haskell/bin
PATH: /home/DATA/software/homer_v4.9/bin
PATH: /home/DATA/software/groovy-4.0.7/bin
PATH: /home/DATA/software/scala3-3.2.1/bin
PATH: /home/DATA/software/dotnet
PATH: /home/DATA/software/node-v10.13.0-linux-x64/bin
PATH: /home/DATA/software/cargo
PATH: /home/DATA/software/go/bin
PATH: /home/kelly-t/perl5/bin
PATH: /home/DATA/software/circos-0.69-9/bin
PATH: /home/DATA/software/julia/bin
PATH: /home/DATA/software/atria-3.0.2/bin
PATH: /home/DATA/software/pbzip2-1.1.13/bin
PATH: /home/DATA/software/samtools-1.12/bin
PATH: /home/DATA/software/samtools-1.12
PATH: /home/DATA/software/bowtie2-2.4.4-linux-x86_64
PATH: /home/kelly-t/.local/bin
PATH: /home/kelly-t/local/bin
PATH: /home/DATA/software/jdk-18.0.2/bin
PATH: /home/DATA/software/nextflow
PATH: /home/DATA/software/homer_v4.9/bin
PATH: /home/kelly-t/perl5/bin
PATH: /home/DATA/software/circos-0.69-9/bin
PATH: /home/DATA/software/ica-linux-1.1.0
PATH: /home/DATA/software/R-4.1.2/bin
PATH: /home/DATA/software/atria-3.0.2/bin
PATH: /home/DATA/software/julia/bin
PATH: /home/DATA/software/pbzip2-1.1.13/bin
PATH: /home/DATA/software/samtools-1.12/bin
PATH: /home/DATA/software/samtools-1.12
PATH: /home/DATA/software/bowtie2-2.4.4-linux-x86_64
PATH: /home/kelly-t/.local/bin
PATH: /home/kelly-t/local/bin
PATH: /home/DATA/software/gsl-2.7/bin
PATH: /home/DATA/software/curl/bin
PATH: /home/DATA/software/R-4.1.3/bin
PATH: /home/DATA/software/nano-6.0/centos/bin
PATH: /home/DATA/software/htop/centos/bin
PATH: /home/DATA/software/libpng/bin
PATH: /home/DATA/software/nextflow/nextflow-22.10.4
PATH: /home/DATA/software/ica-linux-1.1.0
PATH: /home/DATA/software/aws/bin
PATH: /home/DATA/software/ccl
PATH: /home/DATA/software/clojure/bin
PATH: /home/DATA/software/racket/bin
PATH: /home/DATA/software/nim-1.6.10/bin
PATH: /home/DATA/software/jdk-18.0.2/bin
PATH: /home/DATA/software/haskell/bin
PATH: /home/DATA/software/homer_v4.9/bin
PATH: /home/DATA/software/groovy-4.0.7/bin
PATH: /home/DATA/software/scala3-3.2.1/bin
PATH: /home/DATA/software/dotnet
PATH: /home/DATA/software/node-v10.13.0-linux-x64/bin
PATH: /home/DATA/software/cargo
PATH: /home/DATA/software/go/bin
PATH: /home/kelly-t/perl5/bin
PATH: /home/DATA/software/circos-0.69-9/bin
PATH: /home/DATA/software/julia/bin
PATH: /home/DATA/software/atria-3.0.2/bin
PATH: /home/DATA/software/pbzip2-1.1.13/bin
PATH: /home/DATA/software/samtools-1.12/bin
PATH: /home/DATA/software/samtools-1.12
PATH: /home/DATA/software/bowtie2-2.4.4-linux-x86_64
PATH: /home/kelly-t/.local/bin
PATH: /home/kelly-t/local/bin
PATH: /usr/local/UGE/bin/lx-amd64
PATH: /usr/lib64/qt-3.3/bin
PATH: /home/kelly-t/perl5/bin
PATH: /home/DATA/software/cargo/bin
PATH: /home/kelly-t/.cargo/bin
PATH: /usr/local/bin
PATH: /usr/bin
PATH: /home/kelly-t/bin
PATH: /usr/local/sbin
PATH: /usr/sbin
PATH: /home/kelly-t/.local/bin
PATH: /home/kelly-t/bin
PATH: /home/kelly-t/local/fzf/bin
PATH: /home/kelly-t/.cabal/bin
PATH: /home/DATA/software/haskell/.ghcup/bin


## ----------- ##
## Core tests. ##
## ----------- ##

configure:2175: checking for x86_64-conda-linux-gnu-gcc
configure:2202: result: x86_64-conda-linux-gnu-cc
configure:2471: checking for C compiler version
configure:2480: x86_64-conda-linux-gnu-cc --version >&5
x86_64-conda-linux-gnu-cc (conda-forge gcc 12.2.0-19) 12.2.0
Copyright (C) 2022 Free Software Foundation, Inc.
This is free software; see the source for copying conditions.  There is NO
warranty; not even for MERCHANTABILITY or FITNESS FOR A PARTICULAR PURPOSE.

configure:2491: $? = 0
configure:2480: x86_64-conda-linux-gnu-cc -v >&5
Reading specs from /home/kelly-t/.conda/envs/base/envs/training/bin/../lib/gcc/x86_64-conda-linux-gnu/12.2.0/specs
could not find specs file conda.specs
COLLECT_GCC=x86_64-conda-linux-gnu-cc
COLLECT_LTO_WRAPPER=/home/kelly-t/.conda/envs/base/envs/training/bin/../libexec/gcc/x86_64-conda-linux-gnu/12.2.0/lto-wrapper
Target: x86_64-conda-linux-gnu
Configured with: ../configure --prefix=/home/conda/feedstock_root/build_artifacts/gcc_compilers_1666516830325/_h_env_placehold_placehold_placehold_placehold_placehold_placehold_placehold_placehold_placehold_placehold_placehold_placehold_placehold_placehold_placehold_placehold_placehold_placeho --with-slibdir=/home/conda/feedstock_root/build_artifacts/gcc_compilers_1666516830325/_h_env_placehold_placehold_placehold_placehold_placehold_placehold_placehold_placehold_placehold_placehold_placehold_placehold_placehold_placehold_placehold_placehold_placehold_placeho/lib --libdir=/home/conda/feedstock_root/build_artifacts/gcc_compilers_1666516830325/_h_env_placehold_placehold_placehold_placehold_placehold_placehold_placehold_placehold_placehold_placehold_placehold_placehold_placehold_placehold_placehold_placehold_placehold_placeho/lib --mandir=/home/conda/feedstock_root/build_artifacts/gcc_compilers_1666516830325/_h_env_placehold_placehold_placehold_placehold_placehold_placehold_placehold_placehold_placehold_placehold_placehold_placehold_placehold_placehold_placehold_placehold_placehold_placeho/man --build=x86_64-conda-linux-gnu --host=x86_64-conda-linux-gnu --target=x86_64-conda-linux-gnu --enable-default-pie --enable-languages=c,c++,fortran,objc,obj-c++ --enable-__cxa_atexit --disable-libmudflap --enable-libgomp --disable-libssp --enable-libquadmath --enable-libquadmath-support --enable-libsanitizer --enable-lto --enable-threads=posix --enable-target-optspace --enable-plugin --enable-gold --disable-nls --disable-bootstrap --disable-multilib --enable-long-long --with-sysroot=/home/conda/feedstock_root/build_artifacts/gcc_compilers_1666516830325/_h_env_placehold_placehold_placehold_placehold_placehold_placehold_placehold_placehold_placehold_placehold_placehold_placehold_placehold_placehold_placehold_placehold_placehold_placeho/x86_64-conda-linux-gnu/sysroot --with-build-sysroot=/home/conda/feedstock_root/build_artifacts/gcc_compilers_1666516830325/_build_env/x86_64-conda-linux-gnu/sysroot --with-gxx-include-dir=/home/conda/feedstock_root/build_artifacts/gcc_compilers_1666516830325/_h_env_placehold_placehold_placehold_placehold_placehold_placehold_placehold_placehold_placehold_placehold_placehold_placehold_placehold_placehold_placehold_placehold_placehold_placeho/x86_64-conda-linux-gnu/include/c++/12.2.0 --with-pkgversion='conda-forge gcc 12.2.0-19' --with-bugurl=https://github.com/conda-forge/ctng-compilers-feedstock/issues/new/choose
Thread model: posix
Supported LTO compression algorithms: zlib
gcc version 12.2.0 (conda-forge gcc 12.2.0-19) 
configure:2491: $? = 0
configure:2480: x86_64-conda-linux-gnu-cc -V >&5
x86_64-conda-linux-gnu-cc: error: unrecognized command-line option '-V'
x86_64-conda-linux-gnu-cc: fatal error: no input files
compilation terminated.
configure:2491: $? = 1
configure:2480: x86_64-conda-linux-gnu-cc -qversion >&5
x86_64-conda-linux-gnu-cc: error: unrecognized command-line option '-qversion'; did you mean '--version'?
x86_64-conda-linux-gnu-cc: fatal error: no input files
compilation terminated.
configure:2491: $? = 1
configure:2511: checking whether the C compiler works
configure:2533: x86_64-conda-linux-gnu-cc -march=nocona -mtune=haswell -ftree-vectorize -fPIC -fstack-protector-strong -fno-plt -O2 -ffunction-sections -pipe -isystem /home/kelly-t/.conda/envs/conda/envs/training/include -fdebug-prefix-map=/home/conda/feedstock_root/build_artifacts/r-base-split_1671440533574/work=/usr/local/src/conda/r-base-4.2.2 -fdebug-prefix-map=/home/kelly-t/.conda/envs/conda/envs/training=/usr/local/src/conda-prefix -DNDEBUG -D_FORTIFY_SOURCE=2 -O2 -isystem /home/kelly-t/.conda/envs/conda/envs/training/include -Wl,-O2 -Wl,--sort-common -Wl,--as-needed -Wl,-z,relro -Wl,-z,now -Wl,--disable-new-dtags -Wl,--gc-sections -Wl,--allow-shlib-undefined -Wl,-rpath,/home/kelly-t/.conda/envs/conda/envs/training/lib -Wl,-rpath-link,/home/kelly-t/.conda/envs/conda/envs/training/lib -L/home/kelly-t/.conda/envs/conda/envs/training/lib -L/usr/local/lib64 -L/home/DATA/software/curl/lib -L/home/DATA/software/curl/include -L/home/DATA/software/gsl-2.7/lib -L/usr/local/lib -L/usr/local/include -L/home/DATA/software/icu/lib conftest.c  >&5
configure:2537: $? = 0
configure:2585: result: yes
configure:2588: checking for C compiler default output file name
configure:2590: result: a.out
configure:2596: checking for suffix of executables
configure:2603: x86_64-conda-linux-gnu-cc -o conftest -march=nocona -mtune=haswell -ftree-vectorize -fPIC -fstack-protector-strong -fno-plt -O2 -ffunction-sections -pipe -isystem /home/kelly-t/.conda/envs/conda/envs/training/include -fdebug-prefix-map=/home/conda/feedstock_root/build_artifacts/r-base-split_1671440533574/work=/usr/local/src/conda/r-base-4.2.2 -fdebug-prefix-map=/home/kelly-t/.conda/envs/conda/envs/training=/usr/local/src/conda-prefix -DNDEBUG -D_FORTIFY_SOURCE=2 -O2 -isystem /home/kelly-t/.conda/envs/conda/envs/training/include -Wl,-O2 -Wl,--sort-common -Wl,--as-needed -Wl,-z,relro -Wl,-z,now -Wl,--disable-new-dtags -Wl,--gc-sections -Wl,--allow-shlib-undefined -Wl,-rpath,/home/kelly-t/.conda/envs/conda/envs/training/lib -Wl,-rpath-link,/home/kelly-t/.conda/envs/conda/envs/training/lib -L/home/kelly-t/.conda/envs/conda/envs/training/lib -L/usr/local/lib64 -L/home/DATA/software/curl/lib -L/home/DATA/software/curl/include -L/home/DATA/software/gsl-2.7/lib -L/usr/local/lib -L/usr/local/include -L/home/DATA/software/icu/lib conftest.c  >&5
configure:2607: $? = 0
configure:2629: result: 
configure:2651: checking whether we are cross compiling
configure:2659: x86_64-conda-linux-gnu-cc -o conftest -march=nocona -mtune=haswell -ftree-vectorize -fPIC -fstack-protector-strong -fno-plt -O2 -ffunction-sections -pipe -isystem /home/kelly-t/.conda/envs/conda/envs/training/include -fdebug-prefix-map=/home/conda/feedstock_root/build_artifacts/r-base-split_1671440533574/work=/usr/local/src/conda/r-base-4.2.2 -fdebug-prefix-map=/home/kelly-t/.conda/envs/conda/envs/training=/usr/local/src/conda-prefix -DNDEBUG -D_FORTIFY_SOURCE=2 -O2 -isystem /home/kelly-t/.conda/envs/conda/envs/training/include -Wl,-O2 -Wl,--sort-common -Wl,--as-needed -Wl,-z,relro -Wl,-z,now -Wl,--disable-new-dtags -Wl,--gc-sections -Wl,--allow-shlib-undefined -Wl,-rpath,/home/kelly-t/.conda/envs/conda/envs/training/lib -Wl,-rpath-link,/home/kelly-t/.conda/envs/conda/envs/training/lib -L/home/kelly-t/.conda/envs/conda/envs/training/lib -L/usr/local/lib64 -L/home/DATA/software/curl/lib -L/home/DATA/software/curl/include -L/home/DATA/software/gsl-2.7/lib -L/usr/local/lib -L/usr/local/include -L/home/DATA/software/icu/lib conftest.c  >&5
configure:2663: $? = 0
configure:2670: ./conftest
configure:2674: $? = 0
configure:2689: result: no
configure:2694: checking for suffix of object files
configure:2716: x86_64-conda-linux-gnu-cc -c -march=nocona -mtune=haswell -ftree-vectorize -fPIC -fstack-protector-strong -fno-plt -O2 -ffunction-sections -pipe -isystem /home/kelly-t/.conda/envs/conda/envs/training/include -fdebug-prefix-map=/home/conda/feedstock_root/build_artifacts/r-base-split_1671440533574/work=/usr/local/src/conda/r-base-4.2.2 -fdebug-prefix-map=/home/kelly-t/.conda/envs/conda/envs/training=/usr/local/src/conda-prefix -DNDEBUG -D_FORTIFY_SOURCE=2 -O2 -isystem /home/kelly-t/.conda/envs/conda/envs/training/include conftest.c >&5
configure:2720: $? = 0
configure:2741: result: o
configure:2745: checking whether we are using the GNU C compiler
configure:2764: x86_64-conda-linux-gnu-cc -c -march=nocona -mtune=haswell -ftree-vectorize -fPIC -fstack-protector-strong -fno-plt -O2 -ffunction-sections -pipe -isystem /home/kelly-t/.conda/envs/conda/envs/training/include -fdebug-prefix-map=/home/conda/feedstock_root/build_artifacts/r-base-split_1671440533574/work=/usr/local/src/conda/r-base-4.2.2 -fdebug-prefix-map=/home/kelly-t/.conda/envs/conda/envs/training=/usr/local/src/conda-prefix -DNDEBUG -D_FORTIFY_SOURCE=2 -O2 -isystem /home/kelly-t/.conda/envs/conda/envs/training/include conftest.c >&5
configure:2764: $? = 0
configure:2773: result: yes
configure:2782: checking whether x86_64-conda-linux-gnu-cc accepts -g
configure:2802: x86_64-conda-linux-gnu-cc -c -g -DNDEBUG -D_FORTIFY_SOURCE=2 -O2 -isystem /home/kelly-t/.conda/envs/conda/envs/training/include conftest.c >&5
configure:2802: $? = 0
configure:2843: result: yes
configure:2860: checking for x86_64-conda-linux-gnu-cc option to accept ISO C89
configure:2923: x86_64-conda-linux-gnu-cc  -c -march=nocona -mtune=haswell -ftree-vectorize -fPIC -fstack-protector-strong -fno-plt -O2 -ffunction-sections -pipe -isystem /home/kelly-t/.conda/envs/conda/envs/training/include -fdebug-prefix-map=/home/conda/feedstock_root/build_artifacts/r-base-split_1671440533574/work=/usr/local/src/conda/r-base-4.2.2 -fdebug-prefix-map=/home/kelly-t/.conda/envs/conda/envs/training=/usr/local/src/conda-prefix -DNDEBUG -D_FORTIFY_SOURCE=2 -O2 -isystem /home/kelly-t/.conda/envs/conda/envs/training/include conftest.c >&5
configure:2923: $? = 0
configure:2936: result: none needed
configure:2965: checking for pkg-config
configure:2983: found /usr/bin/pkg-config
configure:2995: result: /usr/bin/pkg-config
configure:3005: checking if pkg-config knows about OpenMPI
configure:3016: result: no
configure:3670: checking for orted
configure:3686: found /home/kelly-t/.conda/envs/conda/envs/training/bin/orted
configure:3698: result: yes
configure:3962: creating ./config.status

## ---------------------- ##
## Running config.status. ##
## ---------------------- ##

This file was extended by config.status, which was
generated by GNU Autoconf 2.69.  Invocation command line was

  CONFIG_FILES    = 
  CONFIG_HEADERS  = 
  CONFIG_LINKS    = 
  CONFIG_COMMANDS = 
  $ ./config.status 

on n100

config.status:731: creating src/Makevars

## ---------------- ##
## Cache variables. ##
## ---------------- ##

ac_cv_c_compiler_gnu=yes
ac_cv_env_CC_set=set
ac_cv_env_CC_value=/home/kelly-t/.conda/envs/conda/envs/training/bin/x86_64-conda-linux-gnu-cc
ac_cv_env_CFLAGS_set=set
ac_cv_env_CFLAGS_value='--std=gnu99 -I/home/DATA/software/R-4.1.1/include -I/home/DATA/software/R-3.5.1/include -DNDEBUG -I/home/DATA/software/curl/include -I/usr/local/include -I/home/DATA/software/gsl-2.7/include -I/home/DATA/software/icu/include -I/home/DATA/software/libX11-1.7.2/include -I/home/DATA/software/icu/include'
ac_cv_env_CPPFLAGS_set=set
ac_cv_env_CPPFLAGS_value='-DNDEBUG -D_FORTIFY_SOURCE=2 -O2 -isystem /home/kelly-t/.conda/envs/conda/envs/training/include'
ac_cv_env_CPP_set=set
ac_cv_env_CPP_value=/home/kelly-t/.conda/envs/conda/envs/training/bin/x86_64-conda-linux-gnu-cpp
ac_cv_env_LDFLAGS_set=set
ac_cv_env_LDFLAGS_value='-Wl,-O2 -Wl,--sort-common -Wl,--as-needed -Wl,-z,relro -Wl,-z,now -Wl,--disable-new-dtags -Wl,--gc-sections -Wl,--allow-shlib-undefined -Wl,-rpath,/home/kelly-t/.conda/envs/conda/envs/training/lib -Wl,-rpath-link,/home/kelly-t/.conda/envs/conda/envs/training/lib -L/home/kelly-t/.conda/envs/conda/envs/training/lib -L/usr/local/lib64 -L/home/DATA/software/curl/lib -L/home/DATA/software/curl/include -L/home/DATA/software/gsl-2.7/lib -L/usr/local/lib -L/usr/local/include -L/home/DATA/software/icu/lib'
ac_cv_env_LIBS_set=
ac_cv_env_LIBS_value=
ac_cv_env_build_alias_set=set
ac_cv_env_build_alias_value=x86_64-conda-linux-gnu
ac_cv_env_host_alias_set=set
ac_cv_env_host_alias_value=x86_64-conda-linux-gnu
ac_cv_env_target_alias_set=
ac_cv_env_target_alias_value=
ac_cv_objext=o
ac_cv_path_PKG_CONFIG=/usr/bin/pkg-config
ac_cv_prog_CC=x86_64-conda-linux-gnu-cc
ac_cv_prog_ORTED=yes
ac_cv_prog_cc_c89=
ac_cv_prog_cc_g=yes

## ----------------- ##
## Output variables. ##
## ----------------- ##

CC='x86_64-conda-linux-gnu-cc'
CFLAGS='-march=nocona -mtune=haswell -ftree-vectorize -fPIC -fstack-protector-strong -fno-plt -O2 -ffunction-sections -pipe -isystem /home/kelly-t/.conda/envs/conda/envs/training/include -fdebug-prefix-map=/home/conda/feedstock_root/build_artifacts/r-base-split_1671440533574/work=/usr/local/src/conda/r-base-4.2.2 -fdebug-prefix-map=/home/kelly-t/.conda/envs/conda/envs/training=/usr/local/src/conda-prefix'
CPP='/home/kelly-t/.conda/envs/conda/envs/training/bin/x86_64-conda-linux-gnu-cpp'
CPPFLAGS='-DNDEBUG -D_FORTIFY_SOURCE=2 -O2 -isystem /home/kelly-t/.conda/envs/conda/envs/training/include'
DEFS='-DPACKAGE_NAME=\"\" -DPACKAGE_TARNAME=\"\" -DPACKAGE_VERSION=\"\" -DPACKAGE_STRING=\"\" -DPACKAGE_BUGREPORT=\"\" -DPACKAGE_URL=\"\"'
ECHO_C=''
ECHO_N='-n'
ECHO_T=''
EGREP=''
EXEEXT=''
GREP=''
LDFLAGS='-Wl,-O2 -Wl,--sort-common -Wl,--as-needed -Wl,-z,relro -Wl,-z,now -Wl,--disable-new-dtags -Wl,--gc-sections -Wl,--allow-shlib-undefined -Wl,-rpath,/home/kelly-t/.conda/envs/conda/envs/training/lib -Wl,-rpath-link,/home/kelly-t/.conda/envs/conda/envs/training/lib -L/home/kelly-t/.conda/envs/conda/envs/training/lib -L/usr/local/lib64 -L/home/DATA/software/curl/lib -L/home/DATA/software/curl/include -L/home/DATA/software/gsl-2.7/lib -L/usr/local/lib -L/usr/local/include -L/home/DATA/software/icu/lib'
LIBOBJS=''
LIBS=''
LTLIBOBJS=''
OBJEXT='o'
ORTED='yes'
PACKAGE_BUGREPORT=''
PACKAGE_NAME=''
PACKAGE_STRING=''
PACKAGE_TARNAME=''
PACKAGE_URL=''
PACKAGE_VERSION=''
PATH_SEPARATOR=':'
PKG_CONFIG='/usr/bin/pkg-config'
PKG_CPPFLAGS='-I/usr/local/openmpi/include  -DMPI2 -DOPENMPI'
PKG_LIBS='-L/usr/local/openmpi/lib -lmpi '
SHELL='/bin/sh'
ac_ct_CC=''
bindir='${exec_prefix}/bin'
build_alias='x86_64-conda-linux-gnu'
datadir='${datarootdir}'
datarootdir='${prefix}/share'
docdir='${datarootdir}/doc/${PACKAGE}'
dvidir='${docdir}'
exec_prefix='${prefix}'
host_alias='x86_64-conda-linux-gnu'
htmldir='${docdir}'
includedir='${prefix}/include'
infodir='${datarootdir}/info'
libdir='${exec_prefix}/lib'
libexecdir='${exec_prefix}/libexec'
localedir='${datarootdir}/locale'
localstatedir='${prefix}/var'
mandir='${datarootdir}/man'
oldincludedir='/usr/include'
pdfdir='${docdir}'
prefix='/usr/local'
program_transform_name='s,x,x,'
psdir='${docdir}'
runstatedir='${localstatedir}/run'
sbindir='${exec_prefix}/sbin'
sharedstatedir='${prefix}/com'
sysconfdir='${prefix}/etc'
target_alias=''

## ----------- ##
## confdefs.h. ##
## ----------- ##

/* confdefs.h */
#define PACKAGE_NAME ""
#define PACKAGE_TARNAME ""
#define PACKAGE_VERSION ""
#define PACKAGE_STRING ""
#define PACKAGE_BUGREPORT ""
#define PACKAGE_URL ""

configure: exit 0
